<?xml version="1.0" encoding="UTF-8"?>
<testsuite name="com.vikram.deepnotes.ExampleUnitTest" tests="1" skipped="0" failures="0" errors="0" timestamp="2024-10-17T10:51:49" hostname="LOQ" time="0.001">
  <properties/>
  <testcase name="addition_isCorrect" classname="com.vikram.deepnotes.ExampleUnitTest" time="0.001"/>
  <system-out><![CDATA[]]></system-out>
  <system-err><![CDATA[]]></system-err>
</testsuite>
